C9Alarm/build/outputs/apk/manifest-merger-debug-report.txt
-- Merging decision tree log ---
manifest
ADDED from AndroidManifest.xml:2:1
	xmlns:android
		ADDED from AndroidManifest.xml:2:11
	package
		ADDED from AndroidManifest.xml:3:5
	android:versionName
		ADDED from AndroidManifest.xml:5:5
	android:versionCode
		ADDED from AndroidManifest.xml:4:5
		INJECTED from AndroidManifest.xml:0:0
		INJECTED from AndroidManifest.xml:0:0
uses-sdk
ADDED from AndroidManifest.xml:7:5
MERGED from workspace_a:OneKeyShare:unspecified:7:5
MERGED from workspace_a:ShareSDK:unspecified:7:5
MERGED from workspace_a:ShareSDK:unspecified:7:5
MERGED from workspace_a:trinea-android-common:unspecified:7:5
MERGED from workspace_a:DownloadProvider:unspecified:7:5
MERGED from workspace_a:Socialization:unspecified:7:5
MERGED from workspace_a:libforAvos:unspecified:7:5
MERGED from workspace_a:android-switch-demo:unspecified:7:5
MERGED from workspace_a:Bmob_IM_test:unspecified:7:5
MERGED from workspace_a:library:unspecified:7:5
MERGED from com.android.support:support-v4:21.0.0:15:5
	android:targetSdkVersion
		ADDED from AndroidManifest.xml:7:41
	android:minSdkVersion
		ADDED from AndroidManifest.xml:7:15
uses-permission#android.permission.VIBRATE
ADDED from AndroidManifest.xml:10:5
	android:name
		ADDED from AndroidManifest.xml:10:22
uses-permission#android.permission.WRITE_SETTINGS
ADDED from AndroidManifest.xml:11:5
	android:name
		ADDED from AndroidManifest.xml:11:22
uses-permission#android.permission.RECEIVE_BOOT_COMPLETED
ADDED from AndroidManifest.xml:12:5
	android:name
		ADDED from AndroidManifest.xml:12:22
uses-permission#android.permission.DISABLE_KEYGUARD
ADDED from AndroidManifest.xml:13:6
	android:name
		ADDED from AndroidManifest.xml:13:23
uses-permission#android.permission.ACCESS_NETWORK_STATE
ADDED from AndroidManifest.xml:16:5
MERGED from workspace_a:DownloadProvider:unspecified:34:5
	android:name
		ADDED from AndroidManifest.xml:16:22
uses-permission#android.permission.ACCESS_WIFI_STATE
ADDED from AndroidManifest.xml:18:5
	android:name
		ADDED from AndroidManifest.xml:18:22
uses-permission#android.permission.READ_PHONE_STATE
ADDED from AndroidManifest.xml:20:5
	android:name
		ADDED from AndroidManifest.xml:20:22
uses-permission#android.permission.WRITE_EXTERNAL_STORAGE
ADDED from AndroidManifest.xml:22:5
MERGED from workspace_a:DownloadProvider:unspecified:36:5
	android:name
		ADDED from AndroidManifest.xml:22:22
uses-permission#android.permission.INTERNET
ADDED from AndroidManifest.xml:24:5
MERGED from workspace_a:DownloadProvider:unspecified:30:5
	android:name
		ADDED from AndroidManifest.xml:24:22
uses-permission#android.permission.ACCESS_FINE_LOCATION
ADDED from AndroidManifest.xml:26:5
	android:name
		ADDED from AndroidManifest.xml:26:22
uses-permission#android.permission.ACCESS_COARSE_LOCATION
ADDED from AndroidManifest.xml:28:5
	android:name
		ADDED from AndroidManifest.xml:28:22
uses-permission#android.permission.SYSTEM_ALERT_WINDOW
ADDED from AndroidManifest.xml:30:1
	android:name
		ADDED from AndroidManifest.xml:30:18
uses-permission#android.permission.WAKE_LOCK
ADDED from AndroidManifest.xml:31:5
MERGED from workspace_a:DownloadProvider:unspecified:35:5
	android:name
		ADDED from AndroidManifest.xml:31:22
uses-permission#android.permission.GET_TASKS
ADDED from AndroidManifest.xml:32:5
	android:name
		ADDED from AndroidManifest.xml:32:22
uses-permission#android.permission.REORDER_TASKS
ADDED from AndroidManifest.xml:33:1
	android:name
		ADDED from AndroidManifest.xml:33:18
uses-permission#android.permission.MANAGE_ACCOUNTS
ADDED from AndroidManifest.xml:37:1
	android:name
		ADDED from AndroidManifest.xml:37:18
uses-permission#android.permission.GET_ACCOUNTS
ADDED from AndroidManifest.xml:38:1
	android:name
		ADDED from AndroidManifest.xml:38:18
permission#com.example.downloadtest.permission.ACCESS_DOWNLOAD_MANAGER
ADDED from AndroidManifest.xml:42:5
	android:label
		ADDED from AndroidManifest.xml:45:9
	android:protectionLevel
		ADDED from AndroidManifest.xml:46:9
	android:description
		ADDED from AndroidManifest.xml:44:9
	android:name
		ADDED from AndroidManifest.xml:43:9
permission#com.example.downloadtest.permission.ACCESS_DOWNLOAD_MANAGER_ADVANCED
ADDED from AndroidManifest.xml:49:5
	android:label
		ADDED from AndroidManifest.xml:52:9
	android:protectionLevel
		ADDED from AndroidManifest.xml:53:9
	android:description
		ADDED from AndroidManifest.xml:51:9
	android:name
		ADDED from AndroidManifest.xml:50:9
permission#com.example.downloadtest.permission.SEND_DOWNLOAD_COMPLETED_INTENTS
ADDED from AndroidManifest.xml:56:5
	android:label
		ADDED from AndroidManifest.xml:59:9
	android:protectionLevel
		ADDED from AndroidManifest.xml:60:9
	android:description
		ADDED from AndroidManifest.xml:58:9
	android:name
		ADDED from AndroidManifest.xml:57:9
permission#cn.bmob.permission.push
ADDED from AndroidManifest.xml:68:5
	android:protectionLevel
		ADDED from AndroidManifest.xml:70:9
	android:name
		ADDED from AndroidManifest.xml:69:9
uses-permission#cn.bmob.permission.push
ADDED from AndroidManifest.xml:73:5
	android:name
		ADDED from AndroidManifest.xml:73:22
application
ADDED from AndroidManifest.xml:77:5
MERGED from workspace_a:OneKeyShare:unspecified:18:5
MERGED from workspace_a:ShareSDK:unspecified:11:5
MERGED from workspace_a:ShareSDK:unspecified:11:5
MERGED from workspace_a:trinea-android-common:unspecified:11:5
MERGED from workspace_a:Socialization:unspecified:18:5
MERGED from com.android.support:support-v4:21.0.0:16:5
	android:debuggable
		ADDED from workspace_a:OneKeyShare:unspecified:20:9
	android:allowBackup
		ADDED from workspace_a:OneKeyShare:unspecified:19:9
	android:label
		ADDED from AndroidManifest.xml:80:9
	android:icon
		ADDED from AndroidManifest.xml:79:9
	android:theme
		ADDED from AndroidManifest.xml:81:9
	android:largeHeap
		ADDED from AndroidManifest.xml:82:9
	android:name
		ADDED from AndroidManifest.xml:78:9
activity#com.tavx.C9Alarm.boxAlarmActivity
ADDED from AndroidManifest.xml:83:9
	android:screenOrientation
		ADDED from AndroidManifest.xml:87:13
	android:label
		ADDED from AndroidManifest.xml:85:13
	android:name
		ADDED from AndroidManifest.xml:84:13
	android:launchMode
		ADDED from AndroidManifest.xml:86:13
activity#com.tavx.C9Alarm.SetAlarmActivity
ADDED from AndroidManifest.xml:89:9
	android:screenOrientation
		ADDED from AndroidManifest.xml:91:13
	android:name
		ADDED from AndroidManifest.xml:90:13
activity#com.tavx.C9Alarm.HelpActivirty
ADDED from AndroidManifest.xml:94:11
	android:screenOrientation
		ADDED from AndroidManifest.xml:96:13
	android:name
		ADDED from AndroidManifest.xml:95:13
activity#de.nuromedia.android.SmearKing.SmearKing
ADDED from AndroidManifest.xml:99:9
	android:screenOrientation
		ADDED from AndroidManifest.xml:103:13
	android:configChanges
		ADDED from AndroidManifest.xml:101:13
	android:name
		ADDED from AndroidManifest.xml:100:13
	android:launchMode
		ADDED from AndroidManifest.xml:102:13
activity#com.tavx.C9Alarm.AlarmReceiveActivity
ADDED from AndroidManifest.xml:106:9
	android:screenOrientation
		ADDED from AndroidManifest.xml:108:13
	android:theme
		ADDED from AndroidManifest.xml:109:13
	android:name
		ADDED from AndroidManifest.xml:107:13
activity#com.tavx.C9Alarm.AlarmReceiveActivityVideo
ADDED from AndroidManifest.xml:113:10
	android:windowSoftInputMode
		ADDED from AndroidManifest.xml:117:17
	android:screenOrientation
		ADDED from AndroidManifest.xml:120:17
	android:configChanges
		ADDED from AndroidManifest.xml:119:17
	android:showOnLockScreen
		ADDED from AndroidManifest.xml:118:17
	android:excludeFromRecents
		ADDED from AndroidManifest.xml:116:17
	android:taskAffinity
		ADDED from AndroidManifest.xml:115:8
	android:name
		ADDED from AndroidManifest.xml:114:13
activity#com.tavx.C9Alarm.yxapi.MainActivity
ADDED from AndroidManifest.xml:123:12
	android:screenOrientation
		ADDED from AndroidManifest.xml:125:13
	android:configChanges
		ADDED from AndroidManifest.xml:129:17
	android:excludeFromRecents
		ADDED from AndroidManifest.xml:126:22
	android:taskAffinity
		ADDED from AndroidManifest.xml:128:17
	android:name
		ADDED from AndroidManifest.xml:124:13
	android:launchMode
		ADDED from AndroidManifest.xml:127:17
activity#com.tavx.C9Alarm.DownlistActivity
ADDED from AndroidManifest.xml:132:11
	android:screenOrientation
		ADDED from AndroidManifest.xml:134:13
	android:name
		ADDED from AndroidManifest.xml:133:13
activity#com.tavx.C9Alarm.ShareToFriendActivity
ADDED from AndroidManifest.xml:137:9
	android:screenOrientation
		ADDED from AndroidManifest.xml:139:13
	android:name
		ADDED from AndroidManifest.xml:138:13
intent-filter#android.intent.action.VIEW+android.intent.category.BROWSABLE+android.intent.category.DEFAULT
ADDED from AndroidManifest.xml:144:13
action#android.intent.action.VIEW
ADDED from AndroidManifest.xml:145:17
	android:name
		ADDED from AndroidManifest.xml:145:25
category#android.intent.category.DEFAULT
ADDED from AndroidManifest.xml:147:17
	android:name
		ADDED from AndroidManifest.xml:147:27
category#android.intent.category.BROWSABLE
ADDED from AndroidManifest.xml:148:17
	android:name
		ADDED from AndroidManifest.xml:148:27
data
ADDED from AndroidManifest.xml:150:17
	android:host
		ADDED from AndroidManifest.xml:151:21
	android:scheme
		ADDED from AndroidManifest.xml:152:21
activity#mainView.boxGame
ADDED from AndroidManifest.xml:165:9
	android:screenOrientation
		ADDED from AndroidManifest.xml:168:13
	android:name
		ADDED from AndroidManifest.xml:166:13
	android:launchMode
		ADDED from AndroidManifest.xml:167:13
intent-filter#ACTION_GAME_the9
ADDED from AndroidManifest.xml:169:13
action#ACTION_GAME_the9
ADDED from AndroidManifest.xml:170:17
	android:name
		ADDED from AndroidManifest.xml:170:25
activity#com.tavx.C9Alarm.SplashScreen
ADDED from AndroidManifest.xml:173:9
	android:screenOrientation
		ADDED from AndroidManifest.xml:176:13
	android:name
		ADDED from AndroidManifest.xml:174:13
	android:launchMode
		ADDED from AndroidManifest.xml:175:13
intent-filter#android.intent.action.MAIN+android.intent.category.LAUNCHER
ADDED from AndroidManifest.xml:177:13
action#android.intent.action.MAIN
ADDED from AndroidManifest.xml:178:17
	android:name
		ADDED from AndroidManifest.xml:178:25
category#android.intent.category.LAUNCHER
ADDED from AndroidManifest.xml:180:17
	android:name
		ADDED from AndroidManifest.xml:180:27
activity#com.the9.share.ShareActivity
ADDED from AndroidManifest.xml:183:9
	android:name
		ADDED from AndroidManifest.xml:183:19
activity#com.the9.share.ShareDActivity
ADDED from AndroidManifest.xml:184:9
	android:label
		ADDED from AndroidManifest.xml:186:13
	android:theme
		ADDED from AndroidManifest.xml:187:13
	android:name
		ADDED from AndroidManifest.xml:185:13
activity#weibo.SinaWeiboOAuthActivity
ADDED from AndroidManifest.xml:189:9
	android:configChanges
		ADDED from AndroidManifest.xml:191:13
	android:name
		ADDED from AndroidManifest.xml:190:13
activity#weibo.TXWeiboOAuthActivity
ADDED from AndroidManifest.xml:192:9
	android:configChanges
		ADDED from AndroidManifest.xml:194:13
	android:name
		ADDED from AndroidManifest.xml:193:13
activity#com.openfeint.internal.ui.IntroFlow
ADDED from AndroidManifest.xml:196:9
	android:label
		ADDED from AndroidManifest.xml:199:13
	android:configChanges
		ADDED from AndroidManifest.xml:198:13
	android:theme
		ADDED from AndroidManifest.xml:200:13
	android:name
		ADDED from AndroidManifest.xml:197:13
activity#com.openfeint.api.ui.Dashboard
ADDED from AndroidManifest.xml:201:9
	android:label
		ADDED from AndroidManifest.xml:204:13
	android:configChanges
		ADDED from AndroidManifest.xml:203:13
	android:theme
		ADDED from AndroidManifest.xml:205:13
	android:name
		ADDED from AndroidManifest.xml:202:13
activity#com.openfeint.internal.ui.Settings
ADDED from AndroidManifest.xml:206:9
	android:label
		ADDED from AndroidManifest.xml:209:13
	android:configChanges
		ADDED from AndroidManifest.xml:208:13
	android:theme
		ADDED from AndroidManifest.xml:210:13
	android:name
		ADDED from AndroidManifest.xml:207:13
activity#com.openfeint.internal.ui.NativeBrowser
ADDED from AndroidManifest.xml:211:9
	android:label
		ADDED from AndroidManifest.xml:214:13
	android:configChanges
		ADDED from AndroidManifest.xml:213:13
	android:theme
		ADDED from AndroidManifest.xml:215:13
	android:name
		ADDED from AndroidManifest.xml:212:13
activity#com.tavx.C9Alarm.LayoutSample
ADDED from AndroidManifest.xml:216:9
	android:name
		ADDED from AndroidManifest.xml:216:19
activity#com.tavx.C9Alarm.ShowContentActivity
ADDED from AndroidManifest.xml:217:10
	android:name
		ADDED from AndroidManifest.xml:218:13
provider#com.mozillaonline.providers.downloads.DownloadProvider
ADDED from AndroidManifest.xml:223:10
	android:authorities
		ADDED from AndroidManifest.xml:225:13
	android:name
		ADDED from AndroidManifest.xml:224:13
service#com.mozillaonline.providers.downloads.DownloadService
ADDED from AndroidManifest.xml:227:9
	android:name
		ADDED from AndroidManifest.xml:227:18
service#com.tavx.C9Alarm.Service.LifeService
ADDED from AndroidManifest.xml:229:3
	android:label
		ADDED from AndroidManifest.xml:230:9
	android:name
		ADDED from AndroidManifest.xml:229:12
receiver#com.mozillaonline.providers.downloads.DownloadReceiver
ADDED from AndroidManifest.xml:232:9
	android:exported
		ADDED from AndroidManifest.xml:234:13
	android:name
		ADDED from AndroidManifest.xml:233:13
intent-filter#android.intent.action.BOOT_COMPLETED+android.net.conn.CONNECTIVITY_CHANGE
ADDED from AndroidManifest.xml:235:13
action#android.intent.action.BOOT_COMPLETED
ADDED from AndroidManifest.xml:236:17
	android:name
		ADDED from AndroidManifest.xml:236:25
action#android.net.conn.CONNECTIVITY_CHANGE
ADDED from AndroidManifest.xml:237:17
	android:name
		ADDED from AndroidManifest.xml:237:25
activity#com.bmob.im.demo.ui.RegisterActivity
ADDED from AndroidManifest.xml:244:11
	android:label
		ADDED from AndroidManifest.xml:246:13
	android:name
		ADDED from AndroidManifest.xml:245:13
activity#com.bmob.im.demo.ui.LoginActivity
ADDED from AndroidManifest.xml:247:13
	android:label
		ADDED from AndroidManifest.xml:249:13
	android:name
		ADDED from AndroidManifest.xml:248:13
activity#com.umeng.newxp.view.UMDetail
ADDED from AndroidManifest.xml:255:10
	android:configChanges
		ADDED from AndroidManifest.xml:257:1
	android:name
		ADDED from AndroidManifest.xml:256:1
	android:launchMode
		ADDED from AndroidManifest.xml:258:1
activity#com.umeng.newxp.view.handler.umwall.UMWall
ADDED from AndroidManifest.xml:259:1
	android:screenOrientation
		ADDED from AndroidManifest.xml:262:1
	android:configChanges
		ADDED from AndroidManifest.xml:261:1
	android:name
		ADDED from AndroidManifest.xml:260:1
activity#com.taobao.munion.ewall.EWallContainerActivity
ADDED from AndroidManifest.xml:264:1
	android:screenOrientation
		ADDED from AndroidManifest.xml:267:1
	android:configChanges
		ADDED from AndroidManifest.xml:266:1
	android:name
		ADDED from AndroidManifest.xml:265:1
activity#com.umeng.newxp.view.UMCity
ADDED from AndroidManifest.xml:269:1
	android:screenOrientation
		ADDED from AndroidManifest.xml:272:1
	android:configChanges
		ADDED from AndroidManifest.xml:271:1
	android:name
		ADDED from AndroidManifest.xml:270:1
service#com.umeng.common.ufp.net.DownloadingService
ADDED from AndroidManifest.xml:273:1
	android:process
		ADDED from AndroidManifest.xml:276:1
	android:exported
		ADDED from AndroidManifest.xml:275:1
	android:name
		ADDED from AndroidManifest.xml:274:1
activity#cn.sharesdk.framework.ShareSDKUIShell
ADDED from AndroidManifest.xml:313:16
	android:windowSoftInputMode
		ADDED from AndroidManifest.xml:318:3
	android:screenOrientation
		ADDED from AndroidManifest.xml:317:3
	android:configChanges
		ADDED from AndroidManifest.xml:316:3
	android:theme
		ADDED from AndroidManifest.xml:315:3
	android:name
		ADDED from AndroidManifest.xml:314:3
activity#com.tavx.C9Alarm.wxapi.WXEntryActivity
ADDED from AndroidManifest.xml:328:1
	android:screenOrientation
		ADDED from AndroidManifest.xml:333:3
	android:configChanges
		ADDED from AndroidManifest.xml:331:3
	android:theme
		ADDED from AndroidManifest.xml:330:3
	android:exported
		ADDED from AndroidManifest.xml:332:3
	android:name
		ADDED from AndroidManifest.xml:329:3
activity#com.tavx.C9Alarm.bd.AppActivity
ADDED from AndroidManifest.xml:344:11
	android:configChanges
		ADDED from AndroidManifest.xml:345:7
	android:name
		ADDED from AndroidManifest.xml:344:21
activity#com.tavx.C9Alarm.bw.OffersActivity
ADDED from AndroidManifest.xml:351:13
	android:configChanges
		ADDED from AndroidManifest.xml:352:7
	android:name
		ADDED from AndroidManifest.xml:351:23
receiver#com.umeng.message.NotificationProxyBroadcastReceiver
ADDED from AndroidManifest.xml:363:9
	android:exported
		ADDED from AndroidManifest.xml:365:13
	android:name
		ADDED from AndroidManifest.xml:364:13
receiver#com.umeng.message.RegistrationReceiver
ADDED from AndroidManifest.xml:367:9
	android:name
		ADDED from AndroidManifest.xml:367:19
intent-filter#android.net.conn.CONNECTIVITY_CHANGE
ADDED from AndroidManifest.xml:368:13
intent-filter#android.intent.action.PACKAGE_REMOVED
ADDED from AndroidManifest.xml:371:13
action#android.intent.action.PACKAGE_REMOVED
ADDED from AndroidManifest.xml:372:17
	android:name
		ADDED from AndroidManifest.xml:372:25
receiver#com.umeng.message.UmengBroadcastReceiver
ADDED from AndroidManifest.xml:377:9
	android:name
		ADDED from AndroidManifest.xml:377:19
intent-filter#org.agoo.android.intent.action.RECEIVE
ADDED from AndroidManifest.xml:378:13
action#org.agoo.android.intent.action.RECEIVE
ADDED from AndroidManifest.xml:379:17
	android:name
		ADDED from AndroidManifest.xml:379:25
intent-filter#com.tavx.C9Alarm.intent.action.COMMAND
ADDED from AndroidManifest.xml:381:13
action#com.tavx.C9Alarm.intent.action.COMMAND
ADDED from AndroidManifest.xml:382:17
	android:name
		ADDED from AndroidManifest.xml:382:25
intent-filter#org.agoo.android.intent.action.RE_ELECTION_V2
ADDED from AndroidManifest.xml:384:13
action#org.agoo.android.intent.action.RE_ELECTION_V2
ADDED from AndroidManifest.xml:385:17
	android:name
		ADDED from AndroidManifest.xml:385:25
service#com.umeng.message.UmengService
ADDED from AndroidManifest.xml:389:9
	android:label
		ADDED from AndroidManifest.xml:393:13
	android:process
		ADDED from AndroidManifest.xml:392:13
	android:exported
		ADDED from AndroidManifest.xml:391:13
	android:name
		ADDED from AndroidManifest.xml:390:13
intent-filter#com.tavx.C9Alarm.intent.action.START
ADDED from AndroidManifest.xml:394:13
action#com.tavx.C9Alarm.intent.action.START
ADDED from AndroidManifest.xml:395:17
	android:name
		ADDED from AndroidManifest.xml:395:25
intent-filter#com.tavx.C9Alarm.intent.action.COCKROACH
ADDED from AndroidManifest.xml:397:13
action#com.tavx.C9Alarm.intent.action.COCKROACH
ADDED from AndroidManifest.xml:398:17
	android:name
		ADDED from AndroidManifest.xml:398:25
intent-filter#org.agoo.android.intent.action.PING
ADDED from AndroidManifest.xml:400:13
action#org.agoo.android.intent.action.PING
ADDED from AndroidManifest.xml:401:17
	android:name
		ADDED from AndroidManifest.xml:401:25
service#org.android.agoo.service.ElectionService
ADDED from AndroidManifest.xml:404:9
	android:label
		ADDED from AndroidManifest.xml:408:13
	android:process
		ADDED from AndroidManifest.xml:407:13
	android:exported
		ADDED from AndroidManifest.xml:406:13
	android:name
		ADDED from AndroidManifest.xml:405:13
intent-filter#org.agoo.android.intent.action.ELECTION_V2
ADDED from AndroidManifest.xml:409:13
action#org.agoo.android.intent.action.ELECTION_V2
ADDED from AndroidManifest.xml:410:17
	android:name
		ADDED from AndroidManifest.xml:410:25
service#com.umeng.message.UmengIntentService
ADDED from AndroidManifest.xml:413:9
	android:name
		ADDED from AndroidManifest.xml:413:18
activity#com.umeng.fb.ConversationActivity
ADDED from AndroidManifest.xml:416:9
	android:name
		ADDED from AndroidManifest.xml:416:19
activity#com.umeng.fb.ContactActivity
ADDED from AndroidManifest.xml:417:9
	android:name
		ADDED from AndroidManifest.xml:417:19
service#com.umeng.common.net.DownloadingService
ADDED from AndroidManifest.xml:419:9
	android:process
		ADDED from AndroidManifest.xml:421:13
	android:name
		ADDED from AndroidManifest.xml:420:13
activity#com.umeng.update.UpdateDialogActivity
ADDED from AndroidManifest.xml:424:9
	android:theme
		ADDED from AndroidManifest.xml:426:13
	android:name
		ADDED from AndroidManifest.xml:425:13
activity#com.umeng.socialize.view.ShareActivity
ADDED from AndroidManifest.xml:430:9
	android:windowSoftInputMode
		ADDED from AndroidManifest.xml:436:13
	android:noHistory
		ADDED from AndroidManifest.xml:434:13
	android:configChanges
		ADDED from AndroidManifest.xml:432:13
	android:theme
		ADDED from AndroidManifest.xml:435:13
	android:name
		ADDED from AndroidManifest.xml:431:13
	android:launchMode
		ADDED from AndroidManifest.xml:433:13
activity#com.tencent.tauth.AuthActivity
ADDED from AndroidManifest.xml:440:9
	android:noHistory
		ADDED from AndroidManifest.xml:443:13
	android:name
		ADDED from AndroidManifest.xml:441:13
	android:launchMode
		ADDED from AndroidManifest.xml:442:13
activity#com.tencent.plus.ImageActivity
ADDED from AndroidManifest.xml:453:9
	android:name
		ADDED from AndroidManifest.xml:453:19
activity#com.tencent.connect.common.AssistActivity
ADDED from AndroidManifest.xml:454:9
	android:screenOrientation
		ADDED from AndroidManifest.xml:456:13
	android:theme
		ADDED from AndroidManifest.xml:457:13
	android:name
		ADDED from AndroidManifest.xml:455:13
activity#com.umeng.soexample.activity.VideoActivity
ADDED from AndroidManifest.xml:461:9
	android:screenOrientation
		ADDED from AndroidManifest.xml:464:13
	android:configChanges
		ADDED from AndroidManifest.xml:463:13
	android:name
		ADDED from AndroidManifest.xml:462:13
activity#com.umeng.socialize.view.CommentActivity
ADDED from AndroidManifest.xml:468:9
	android:configChanges
		ADDED from AndroidManifest.xml:470:13
	android:theme
		ADDED from AndroidManifest.xml:471:13
	android:name
		ADDED from AndroidManifest.xml:469:13
activity#com.umeng.socialize.view.CommentDetailNoMap
ADDED from AndroidManifest.xml:473:9
	android:noHistory
		ADDED from AndroidManifest.xml:476:13
	android:configChanges
		ADDED from AndroidManifest.xml:475:13
	android:theme
		ADDED from AndroidManifest.xml:477:13
	android:name
		ADDED from AndroidManifest.xml:474:13
receiver#com.tavx.C9Alarm.AlarmReceiver
ADDED from AndroidManifest.xml:480:8
	android:name
		ADDED from AndroidManifest.xml:480:18
intent-filter#ACTION_LOSE_the9
ADDED from AndroidManifest.xml:481:13
	android:priority
		ADDED from AndroidManifest.xml:481:28
action#ACTION_LOSE_the9
ADDED from AndroidManifest.xml:482:17
	android:name
		ADDED from AndroidManifest.xml:482:25
intent-filter#ACTION_START_the9
ADDED from AndroidManifest.xml:484:13
	android:priority
		ADDED from AndroidManifest.xml:484:28
action#ACTION_START_the9
ADDED from AndroidManifest.xml:485:17
	android:name
		ADDED from AndroidManifest.xml:485:25
intent-filter#ACTION_GIVEUP_the9
ADDED from AndroidManifest.xml:487:13
	android:priority
		ADDED from AndroidManifest.xml:487:28
action#ACTION_GIVEUP_the9
ADDED from AndroidManifest.xml:488:17
	android:name
		ADDED from AndroidManifest.xml:488:25
intent-filter#ACTION_WIN_the9
ADDED from AndroidManifest.xml:490:13
	android:priority
		ADDED from AndroidManifest.xml:490:28
action#ACTION_WIN_the9
ADDED from AndroidManifest.xml:491:17
	android:name
		ADDED from AndroidManifest.xml:491:25
intent-filter#ACTION_START_MAIN
ADDED from AndroidManifest.xml:494:14
	android:priority
		ADDED from AndroidManifest.xml:494:29
action#ACTION_START_MAIN
ADDED from AndroidManifest.xml:495:17
	android:name
		ADDED from AndroidManifest.xml:495:25
intent-filter#android.intent.action.BOOT_COMPLETED
ADDED from AndroidManifest.xml:498:13
receiver#holidaynotifaction.HolidayReceiver
ADDED from AndroidManifest.xml:506:9
	android:name
		ADDED from AndroidManifest.xml:506:19
meta-data#UMENG_APPKEY
ADDED from AndroidManifest.xml:509:9
	android:name
		ADDED from AndroidManifest.xml:510:13
	android:value
		ADDED from AndroidManifest.xml:511:13
meta-data#UMENG_MESSAGE_SECRET
ADDED from AndroidManifest.xml:513:9
	android:name
		ADDED from AndroidManifest.xml:514:5
	android:value
		ADDED from AndroidManifest.xml:515:5
meta-data#UMENG_CHANNEL
ADDED from AndroidManifest.xml:517:2
	android:name
		ADDED from AndroidManifest.xml:517:34
	android:value
		ADDED from AndroidManifest.xml:517:13
supports-screens
ADDED from workspace_a:OneKeyShare:unspecified:11:5
MERGED from workspace_a:Socialization:unspecified:11:5
	android:resizeable
		ADDED from workspace_a:OneKeyShare:unspecified:15:9
	android:largeScreens
		ADDED from workspace_a:OneKeyShare:unspecified:13:9
	android:anyDensity
		ADDED from workspace_a:OneKeyShare:unspecified:12:9
	android:normalScreens
		ADDED from workspace_a:OneKeyShare:unspecified:14:9
	android:smallScreens
		ADDED from workspace_a:OneKeyShare:unspecified:16:9
permission#com.mozillaonline.permission.ACCESS_DOWNLOAD_MANAGER
ADDED from workspace_a:DownloadProvider:unspecified:10:5
	android:label
		ADDED from workspace_a:DownloadProvider:unspecified:13:9
	android:protectionLevel
		ADDED from workspace_a:DownloadProvider:unspecified:14:9
	android:description
		ADDED from workspace_a:DownloadProvider:unspecified:12:9
	android:name
		ADDED from workspace_a:DownloadProvider:unspecified:11:9
permission#com.mozillaonline.permission.ACCESS_DOWNLOAD_MANAGER_ADVANCED
ADDED from workspace_a:DownloadProvider:unspecified:17:5
	android:label
		ADDED from workspace_a:DownloadProvider:unspecified:20:9
	android:protectionLevel
		ADDED from workspace_a:DownloadProvider:unspecified:21:9
	android:description
		ADDED from workspace_a:DownloadProvider:unspecified:19:9
	android:name
		ADDED from workspace_a:DownloadProvider:unspecified:18:9
permission#com.mozillaonline.permission.SEND_DOWNLOAD_COMPLETED_INTENTS
ADDED from workspace_a:DownloadProvider:unspecified:24:5
	android:label
		ADDED from workspace_a:DownloadProvider:unspecified:27:9
	android:protectionLevel
		ADDED from workspace_a:DownloadProvider:unspecified:28:9
	android:description
		ADDED from workspace_a:DownloadProvider:unspecified:26:9
	android:name
		ADDED from workspace_a:DownloadProvider:unspecified:25:9
uses-permission#com.mozillaonline.permission.ACCESS_DOWNLOAD_MANAGER
ADDED from workspace_a:DownloadProvider:unspecified:31:5
	android:name
		ADDED from workspace_a:DownloadProvider:unspecified:31:22
uses-permission#com.mozillaonline.permission.ACCESS_DOWNLOAD_MANAGER_ADVANCED
ADDED from workspace_a:DownloadProvider:unspecified:32:5
	android:name
		ADDED from workspace_a:DownloadProvider:unspecified:32:22
uses-permission#com.mozillaonline.permission.SEND_DOWNLOAD_COMPLETED_INTENTS
ADDED from workspace_a:DownloadProvider:unspecified:33:5
	android:name
		ADDED from workspace_a:DownloadProvider:unspecified:33:22
android:uses-permission#android.permission.READ_EXTERNAL_STORAGE
IMPLIED from AndroidManifest.xml:2:1 reason: com.mozillaonline.downloadprovider requested WRITE_EXTERNAL_STORAGE